<?xml version="1.0" encoding="UTF-8"?>
<testsuite xmlns:xsi="http://www.w3.org/2001/XMLSchema-instance" xsi:noNamespaceSchemaLocation="https://maven.apache.org/surefire/maven-surefire-plugin/xsd/surefire-test-report.xsd" name="com.epam.igor.MovieServiceTest" time="0.001" tests="4" errors="0" skipped="0" failures="0">
  <properties>
[...]
</properties>
  <testcase name="editMovieTest" classname="com.epam.igor.MovieServiceTest" time="0"/>
  <testcase name="getByIdTest" classname="com.epam.igor.MovieServiceTest" time="0"/>
  <testcase name="createMovieTest" classname="com.epam.igor.MovieServiceTest" time="0"/>
  <testcase name="getAllTest" classname="com.epam.igor.MovieServiceTest" time="0"/>
</testsuite>